<?xml version="1.0" encoding="UTF-8"?>
<testng-results ignored="0" total="6" passed="6" failed="0" skipped="0">
  <reporter-output>
  </reporter-output>
  <suite started-at="2025-03-17T11:21:24 IST" name="Default suite" finished-at="2025-03-17T11:23:51 IST" duration-ms="146924">
    <groups>
      <group name="cucumber">
        <method signature="AbstractTestNGCucumberTests.runScenario(io.cucumber.testng.PickleWrapper,io.cucumber.testng.FeatureWrapper)[pri:0, instance:runners.Testng@3eb25e1a]" name="runScenario" class="io.cucumber.testng.AbstractTestNGCucumberTests"/>
      </group> <!-- cucumber -->
    </groups>
    <test started-at="2025-03-17T11:21:24 IST" name="Default test" finished-at="2025-03-17T11:23:51 IST" duration-ms="146924">
      <class name="runners.Testng">
        <test-method is-config="true" signature="setUpClass(org.testng.ITestContext)[pri:0, instance:runners.Testng@3eb25e1a]" started-at="2025-03-17T11:21:24 IST" name="setUpClass" finished-at="2025-03-17T11:21:24 IST" duration-ms="514" status="PASS">
          <params>
            <param index="0">
              <value>
                <![CDATA[org.testng.TestRunner@1e0fdb2f]]>
              </value>
            </param>
          </params>
          <reporter-output>
          </reporter-output>
        </test-method> <!-- setUpClass -->
        <test-method signature="runScenario(io.cucumber.testng.PickleWrapper,io.cucumber.testng.FeatureWrapper)[pri:0, instance:runners.Testng@3eb25e1a]" started-at="2025-03-17T11:21:24 IST" name="runScenario" description="Runs Cucumber Scenarios" data-provider="scenarios" finished-at="2025-03-17T11:21:36 IST" duration-ms="11492" status="PASS">
          <params>
            <param index="0">
              <value>
                <![CDATA["Successfully updating the resume"]]>
              </value>
            </param>
            <param index="1">
              <value>
                <![CDATA["Update Resume and Update Profile on Nokri Portal"]]>
              </value>
            </param>
          </params>
          <reporter-output>
          </reporter-output>
        </test-method> <!-- runScenario -->
        <test-method signature="runScenario(io.cucumber.testng.PickleWrapper,io.cucumber.testng.FeatureWrapper)[pri:0, instance:runners.Testng@3eb25e1a]" started-at="2025-03-17T11:21:36 IST" name="runScenario" description="Runs Cucumber Scenarios" data-provider="scenarios" finished-at="2025-03-17T11:22:08 IST" duration-ms="32065" status="PASS">
          <params>
            <param index="0">
              <value>
                <![CDATA["Successfully updating the resume"]]>
              </value>
            </param>
            <param index="1">
              <value>
                <![CDATA["Update Resume and Update Profile on Nokri Portal"]]>
              </value>
            </param>
          </params>
          <reporter-output>
          </reporter-output>
        </test-method> <!-- runScenario -->
        <test-method signature="runScenario(io.cucumber.testng.PickleWrapper,io.cucumber.testng.FeatureWrapper)[pri:0, instance:runners.Testng@3eb25e1a]" started-at="2025-03-17T11:22:08 IST" name="runScenario" description="Runs Cucumber Scenarios" data-provider="scenarios" finished-at="2025-03-17T11:22:29 IST" duration-ms="21084" status="PASS">
          <params>
            <param index="0">
              <value>
                <![CDATA["Successfully updating the resume"]]>
              </value>
            </param>
            <param index="1">
              <value>
                <![CDATA["Update Resume and Update Profile on Nokri Portal"]]>
              </value>
            </param>
          </params>
          <reporter-output>
          </reporter-output>
        </test-method> <!-- runScenario -->
        <test-method signature="runScenario(io.cucumber.testng.PickleWrapper,io.cucumber.testng.FeatureWrapper)[pri:0, instance:runners.Testng@3eb25e1a]" started-at="2025-03-17T11:22:29 IST" name="runScenario" description="Runs Cucumber Scenarios" data-provider="scenarios" finished-at="2025-03-17T11:22:36 IST" duration-ms="7598" status="PASS">
          <params>
            <param index="0">
              <value>
                <![CDATA["Successfully updating personal information"]]>
              </value>
            </param>
            <param index="1">
              <value>
                <![CDATA["Update Resume and Update Profile on Nokri Portal"]]>
              </value>
            </param>
          </params>
          <reporter-output>
          </reporter-output>
        </test-method> <!-- runScenario -->
        <test-method signature="runScenario(io.cucumber.testng.PickleWrapper,io.cucumber.testng.FeatureWrapper)[pri:0, instance:runners.Testng@3eb25e1a]" started-at="2025-03-17T11:22:36 IST" name="runScenario" description="Runs Cucumber Scenarios" data-provider="scenarios" finished-at="2025-03-17T11:23:14 IST" duration-ms="37426" status="PASS">
          <params>
            <param index="0">
              <value>
                <![CDATA["Successfully updating personal information"]]>
              </value>
            </param>
            <param index="1">
              <value>
                <![CDATA["Update Resume and Update Profile on Nokri Portal"]]>
              </value>
            </param>
          </params>
          <reporter-output>
          </reporter-output>
        </test-method> <!-- runScenario -->
        <test-method signature="runScenario(io.cucumber.testng.PickleWrapper,io.cucumber.testng.FeatureWrapper)[pri:0, instance:runners.Testng@3eb25e1a]" started-at="2025-03-17T11:23:14 IST" name="runScenario" description="Runs Cucumber Scenarios" data-provider="scenarios" finished-at="2025-03-17T11:23:51 IST" duration-ms="36677" status="PASS">
          <params>
            <param index="0">
              <value>
                <![CDATA["Successfully updating personal information"]]>
              </value>
            </param>
            <param index="1">
              <value>
                <![CDATA["Update Resume and Update Profile on Nokri Portal"]]>
              </value>
            </param>
          </params>
          <reporter-output>
          </reporter-output>
        </test-method> <!-- runScenario -->
        <test-method is-config="true" signature="tearDownClass()[pri:0, instance:runners.Testng@3eb25e1a]" started-at="2025-03-17T11:23:51 IST" name="tearDownClass" finished-at="2025-03-17T11:23:51 IST" duration-ms="17" status="PASS">
          <reporter-output>
          </reporter-output>
        </test-method> <!-- tearDownClass -->
      </class> <!-- runners.Testng -->
    </test> <!-- Default test -->
  </suite> <!-- Default suite -->
</testng-results>
